<?xml version="1.0" encoding="UTF-8"?>
<testng-results skipped="0" failed="0" total="1" passed="1">
  <reporter-output>
  </reporter-output>
  <suite name="UshaFirstXML Gridtesting" duration-ms="11190" started-at="2018-02-17T04:05:01Z" finished-at="2018-02-17T04:05:12Z">
    <groups>
    </groups>
    <test name="DataDriven Testing" duration-ms="16" started-at="2018-02-17T04:05:01Z" finished-at="2018-02-17T04:05:01Z">
    </test> <!-- DataDriven Testing -->
    <test name="KeyWord Testing" duration-ms="11190" started-at="2018-02-17T04:05:01Z" finished-at="2018-02-17T04:05:12Z">
      <class name="com.KeyWord.NewToursLogInTest">
        <test-method status="PASS" signature="SetUp()[pri:0, instance:com.KeyWord.NewToursLogInTest@7c16905e]" name="SetUp" is-config="true" duration-ms="7255" started-at="2018-02-16T21:05:01Z" finished-at="2018-02-16T21:05:08Z">
          <reporter-output>
          </reporter-output>
        </test-method> <!-- SetUp -->
        <test-method status="PASS" signature="LogIn()[pri:0, instance:com.KeyWord.NewToursLogInTest@7c16905e]" name="LogIn" duration-ms="3890" started-at="2018-02-16T21:05:08Z" finished-at="2018-02-16T21:05:12Z">
          <reporter-output>
          </reporter-output>
        </test-method> <!-- LogIn -->
        <test-method status="PASS" signature="tearDown()[pri:0, instance:com.KeyWord.NewToursLogInTest@7c16905e]" name="tearDown" is-config="true" duration-ms="23" started-at="2018-02-16T21:05:12Z" finished-at="2018-02-16T21:05:12Z">
          <reporter-output>
          </reporter-output>
        </test-method> <!-- tearDown -->
      </class> <!-- com.KeyWord.NewToursLogInTest -->
    </test> <!-- KeyWord Testing -->
  </suite> <!-- UshaFirstXML Gridtesting -->
</testng-results>
