<?xml version="1.0" encoding="UTF-8"?>
<!-- Generated by org.testng.reporters.JUnitXMLReporter -->
<testsuite hostname="DESKTOP-ESJ6L3O" name="Default test" tests="3" failures="0" timestamp="15 Feb 2018 21:40:12 GMT" time="75.844" errors="0">
  <testcase name="Register" time="0.982" classname="com.DataDriven.NewUserRegistration_ExcelMultipleTestData"/>
  <testcase name="UserRegistration_ContactInfo" time="61.254" classname="com.DataDriven.NewUserRegistration_ExcelMultipleTestData"/>
  <testcase name="SignOff" time="0.781" classname="com.DataDriven.NewUserRegistration_ExcelMultipleTestData"/>
</testsuite> <!-- Default test -->
