<?xml version="1.0" encoding="UTF-8"?>
<!-- Generated by org.testng.reporters.JUnitXMLReporter -->
<testsuite hostname="DESKTOP-ESJ6L3O" name="DataDriven Testing" tests="3" failures="0" timestamp="17 Feb 2018 03:47:58 GMT" time="25.127" errors="0">
  <testcase name="Register" time="1.155" classname="com.DataDriven.NewUserRegistration_ExcelMultipleTestData"/>
  <testcase name="UserRegistration_ContactInfo" time="14.993" classname="com.DataDriven.NewUserRegistration_ExcelMultipleTestData"/>
  <testcase name="SignOff" time="0.487" classname="com.DataDriven.NewUserRegistration_ExcelMultipleTestData"/>
</testsuite> <!-- DataDriven Testing -->
